<?xml version="1.0" encoding="UTF-8"?>
<testsuite xmlns:xsi="http://www.w3.org/2001/XMLSchema-instance" xsi:noNamespaceSchemaLocation="https://maven.apache.org/surefire/maven-surefire-plugin/xsd/surefire-test-report-3.0.xsd" version="3.0" name="TestSuite" time="155.255" tests="5" errors="0" skipped="0" failures="0">
  <properties>
    <property name="java.specification.version" value="15"/>
    <property name="webdriver.chrome.driver" value="C:\Users\nazar\.cache\selenium\chromedriver\win32\90.0.4430.24\chromedriver.exe"/>
    <property name="sun.cpu.isalist" value="amd64"/>
    <property name="sun.jnu.encoding" value="Cp1251"/>
    <property name="java.class.path" value="C:\Users\nazar\IdeaProjects\Lesson7\target\test-classes;C:\Users\nazar\IdeaProjects\Lesson7\target\classes;C:\Users\nazar\.m2\repository\org\seleniumhq\selenium\selenium-java\3.141.59\selenium-java-3.141.59.jar;C:\Users\nazar\.m2\repository\org\seleniumhq\selenium\selenium-api\3.141.59\selenium-api-3.141.59.jar;C:\Users\nazar\.m2\repository\org\seleniumhq\selenium\selenium-chrome-driver\3.141.59\selenium-chrome-driver-3.141.59.jar;C:\Users\nazar\.m2\repository\org\seleniumhq\selenium\selenium-edge-driver\3.141.59\selenium-edge-driver-3.141.59.jar;C:\Users\nazar\.m2\repository\org\seleniumhq\selenium\selenium-firefox-driver\3.141.59\selenium-firefox-driver-3.141.59.jar;C:\Users\nazar\.m2\repository\org\seleniumhq\selenium\selenium-ie-driver\3.141.59\selenium-ie-driver-3.141.59.jar;C:\Users\nazar\.m2\repository\org\seleniumhq\selenium\selenium-opera-driver\3.141.59\selenium-opera-driver-3.141.59.jar;C:\Users\nazar\.m2\repository\org\seleniumhq\selenium\selenium-remote-driver\3.141.59\selenium-remote-driver-3.141.59.jar;C:\Users\nazar\.m2\repository\org\seleniumhq\selenium\selenium-safari-driver\3.141.59\selenium-safari-driver-3.141.59.jar;C:\Users\nazar\.m2\repository\org\seleniumhq\selenium\selenium-support\3.141.59\selenium-support-3.141.59.jar;C:\Users\nazar\.m2\repository\net\bytebuddy\byte-buddy\1.8.15\byte-buddy-1.8.15.jar;C:\Users\nazar\.m2\repository\org\apache\commons\commons-exec\1.3\commons-exec-1.3.jar;C:\Users\nazar\.m2\repository\com\google\guava\guava\25.0-jre\guava-25.0-jre.jar;C:\Users\nazar\.m2\repository\com\google\code\findbugs\jsr305\1.3.9\jsr305-1.3.9.jar;C:\Users\nazar\.m2\repository\org\checkerframework\checker-compat-qual\2.0.0\checker-compat-qual-2.0.0.jar;C:\Users\nazar\.m2\repository\com\google\errorprone\error_prone_annotations\2.1.3\error_prone_annotations-2.1.3.jar;C:\Users\nazar\.m2\repository\com\google\j2objc\j2objc-annotations\1.1\j2objc-annotations-1.1.jar;C:\Users\nazar\.m2\repository\org\codehaus\mojo\animal-sniffer-annotations\1.14\animal-sniffer-annotations-1.14.jar;C:\Users\nazar\.m2\repository\com\squareup\okhttp3\okhttp\3.11.0\okhttp-3.11.0.jar;C:\Users\nazar\.m2\repository\com\squareup\okio\okio\1.14.0\okio-1.14.0.jar;C:\Users\nazar\.m2\repository\org\testng\testng\7.3.0\testng-7.3.0.jar;C:\Users\nazar\.m2\repository\com\beust\jcommander\1.78\jcommander-1.78.jar;C:\Users\nazar\.m2\repository\org\apache\ant\ant\1.10.3\ant-1.10.3.jar;C:\Users\nazar\.m2\repository\org\apache\ant\ant-launcher\1.10.3\ant-launcher-1.10.3.jar;C:\Users\nazar\.m2\repository\junit\junit\4.12\junit-4.12.jar;C:\Users\nazar\.m2\repository\org\hamcrest\hamcrest-core\1.3\hamcrest-core-1.3.jar;C:\Users\nazar\.m2\repository\com\google\inject\guice\4.2.2\guice-4.2.2-no_aop.jar;C:\Users\nazar\.m2\repository\javax\inject\javax.inject\1\javax.inject-1.jar;C:\Users\nazar\.m2\repository\aopalliance\aopalliance\1.0\aopalliance-1.0.jar;C:\Users\nazar\.m2\repository\org\yaml\snakeyaml\1.21\snakeyaml-1.21.jar;C:\Users\nazar\.m2\repository\io\github\bonigarcia\webdrivermanager\4.3.1\webdrivermanager-4.3.1.jar;C:\Users\nazar\.m2\repository\org\slf4j\slf4j-api\1.7.30\slf4j-api-1.7.30.jar;C:\Users\nazar\.m2\repository\commons-io\commons-io\2.8.0\commons-io-2.8.0.jar;C:\Users\nazar\.m2\repository\com\google\code\gson\gson\2.8.6\gson-2.8.6.jar;C:\Users\nazar\.m2\repository\org\apache\commons\commons-lang3\3.11\commons-lang3-3.11.jar;C:\Users\nazar\.m2\repository\org\apache\httpcomponents\client5\httpclient5\5.0.3\httpclient5-5.0.3.jar;C:\Users\nazar\.m2\repository\org\apache\httpcomponents\core5\httpcore5\5.0.2\httpcore5-5.0.2.jar;C:\Users\nazar\.m2\repository\org\apache\httpcomponents\core5\httpcore5-h2\5.0.2\httpcore5-h2-5.0.2.jar;C:\Users\nazar\.m2\repository\commons-codec\commons-codec\1.13\commons-codec-1.13.jar;C:\Users\nazar\.m2\repository\org\rauschig\jarchivelib\1.1.0\jarchivelib-1.1.0.jar;C:\Users\nazar\.m2\repository\org\apache\commons\commons-compress\1.20\commons-compress-1.20.jar;C:\Users\nazar\.m2\repository\org\jsoup\jsoup\1.13.1\jsoup-1.13.1.jar;C:\Users\nazar\.m2\repository\log4j\log4j\1.2.17\log4j-1.2.17.jar;C:\Users\nazar\.m2\repository\ch\qos\logback\logback-classic\1.2.3\logback-classic-1.2.3.jar;C:\Users\nazar\.m2\repository\ch\qos\logback\logback-core\1.2.3\logback-core-1.2.3.jar;"/>
    <property name="java.vm.vendor" value="Oracle Corporation"/>
    <property name="sun.arch.data.model" value="64"/>
    <property name="user.variant" value=""/>
    <property name="java.vendor.url" value="https://java.oracle.com/"/>
    <property name="user.timezone" value="Europe/Kiev"/>
    <property name="os.name" value="Windows 10"/>
    <property name="java.vm.specification.version" value="15"/>
    <property name="sun.java.launcher" value="SUN_STANDARD"/>
    <property name="user.country" value="UA"/>
    <property name="sun.boot.library.path" value="C:\Program Files\Java\jdk-15.0.2\bin"/>
    <property name="sun.java.command" value="C:\Users\nazar\AppData\Local\Temp\surefire9839853310830770488\surefirebooter956748531553065108.jar C:\Users\nazar\AppData\Local\Temp\surefire9839853310830770488 2021-04-28T14-59-58_420-jvmRun1 surefire2295350219662741087tmp surefire_07437205170638824638tmp"/>
    <property name="jdk.debug" value="release"/>
    <property name="surefire.test.class.path" value="C:\Users\nazar\IdeaProjects\Lesson7\target\test-classes;C:\Users\nazar\IdeaProjects\Lesson7\target\classes;C:\Users\nazar\.m2\repository\org\seleniumhq\selenium\selenium-java\3.141.59\selenium-java-3.141.59.jar;C:\Users\nazar\.m2\repository\org\seleniumhq\selenium\selenium-api\3.141.59\selenium-api-3.141.59.jar;C:\Users\nazar\.m2\repository\org\seleniumhq\selenium\selenium-chrome-driver\3.141.59\selenium-chrome-driver-3.141.59.jar;C:\Users\nazar\.m2\repository\org\seleniumhq\selenium\selenium-edge-driver\3.141.59\selenium-edge-driver-3.141.59.jar;C:\Users\nazar\.m2\repository\org\seleniumhq\selenium\selenium-firefox-driver\3.141.59\selenium-firefox-driver-3.141.59.jar;C:\Users\nazar\.m2\repository\org\seleniumhq\selenium\selenium-ie-driver\3.141.59\selenium-ie-driver-3.141.59.jar;C:\Users\nazar\.m2\repository\org\seleniumhq\selenium\selenium-opera-driver\3.141.59\selenium-opera-driver-3.141.59.jar;C:\Users\nazar\.m2\repository\org\seleniumhq\selenium\selenium-remote-driver\3.141.59\selenium-remote-driver-3.141.59.jar;C:\Users\nazar\.m2\repository\org\seleniumhq\selenium\selenium-safari-driver\3.141.59\selenium-safari-driver-3.141.59.jar;C:\Users\nazar\.m2\repository\org\seleniumhq\selenium\selenium-support\3.141.59\selenium-support-3.141.59.jar;C:\Users\nazar\.m2\repository\net\bytebuddy\byte-buddy\1.8.15\byte-buddy-1.8.15.jar;C:\Users\nazar\.m2\repository\org\apache\commons\commons-exec\1.3\commons-exec-1.3.jar;C:\Users\nazar\.m2\repository\com\google\guava\guava\25.0-jre\guava-25.0-jre.jar;C:\Users\nazar\.m2\repository\com\google\code\findbugs\jsr305\1.3.9\jsr305-1.3.9.jar;C:\Users\nazar\.m2\repository\org\checkerframework\checker-compat-qual\2.0.0\checker-compat-qual-2.0.0.jar;C:\Users\nazar\.m2\repository\com\google\errorprone\error_prone_annotations\2.1.3\error_prone_annotations-2.1.3.jar;C:\Users\nazar\.m2\repository\com\google\j2objc\j2objc-annotations\1.1\j2objc-annotations-1.1.jar;C:\Users\nazar\.m2\repository\org\codehaus\mojo\animal-sniffer-annotations\1.14\animal-sniffer-annotations-1.14.jar;C:\Users\nazar\.m2\repository\com\squareup\okhttp3\okhttp\3.11.0\okhttp-3.11.0.jar;C:\Users\nazar\.m2\repository\com\squareup\okio\okio\1.14.0\okio-1.14.0.jar;C:\Users\nazar\.m2\repository\org\testng\testng\7.3.0\testng-7.3.0.jar;C:\Users\nazar\.m2\repository\com\beust\jcommander\1.78\jcommander-1.78.jar;C:\Users\nazar\.m2\repository\org\apache\ant\ant\1.10.3\ant-1.10.3.jar;C:\Users\nazar\.m2\repository\org\apache\ant\ant-launcher\1.10.3\ant-launcher-1.10.3.jar;C:\Users\nazar\.m2\repository\junit\junit\4.12\junit-4.12.jar;C:\Users\nazar\.m2\repository\org\hamcrest\hamcrest-core\1.3\hamcrest-core-1.3.jar;C:\Users\nazar\.m2\repository\com\google\inject\guice\4.2.2\guice-4.2.2-no_aop.jar;C:\Users\nazar\.m2\repository\javax\inject\javax.inject\1\javax.inject-1.jar;C:\Users\nazar\.m2\repository\aopalliance\aopalliance\1.0\aopalliance-1.0.jar;C:\Users\nazar\.m2\repository\org\yaml\snakeyaml\1.21\snakeyaml-1.21.jar;C:\Users\nazar\.m2\repository\io\github\bonigarcia\webdrivermanager\4.3.1\webdrivermanager-4.3.1.jar;C:\Users\nazar\.m2\repository\org\slf4j\slf4j-api\1.7.30\slf4j-api-1.7.30.jar;C:\Users\nazar\.m2\repository\commons-io\commons-io\2.8.0\commons-io-2.8.0.jar;C:\Users\nazar\.m2\repository\com\google\code\gson\gson\2.8.6\gson-2.8.6.jar;C:\Users\nazar\.m2\repository\org\apache\commons\commons-lang3\3.11\commons-lang3-3.11.jar;C:\Users\nazar\.m2\repository\org\apache\httpcomponents\client5\httpclient5\5.0.3\httpclient5-5.0.3.jar;C:\Users\nazar\.m2\repository\org\apache\httpcomponents\core5\httpcore5\5.0.2\httpcore5-5.0.2.jar;C:\Users\nazar\.m2\repository\org\apache\httpcomponents\core5\httpcore5-h2\5.0.2\httpcore5-h2-5.0.2.jar;C:\Users\nazar\.m2\repository\commons-codec\commons-codec\1.13\commons-codec-1.13.jar;C:\Users\nazar\.m2\repository\org\rauschig\jarchivelib\1.1.0\jarchivelib-1.1.0.jar;C:\Users\nazar\.m2\repository\org\apache\commons\commons-compress\1.20\commons-compress-1.20.jar;C:\Users\nazar\.m2\repository\org\jsoup\jsoup\1.13.1\jsoup-1.13.1.jar;C:\Users\nazar\.m2\repository\log4j\log4j\1.2.17\log4j-1.2.17.jar;C:\Users\nazar\.m2\repository\ch\qos\logback\logback-classic\1.2.3\logback-classic-1.2.3.jar;C:\Users\nazar\.m2\repository\ch\qos\logback\logback-core\1.2.3\logback-core-1.2.3.jar;"/>
    <property name="sun.cpu.endian" value="little"/>
    <property name="user.home" value="C:\Users\nazar"/>
    <property name="user.language" value="uk"/>
    <property name="java.specification.vendor" value="Oracle Corporation"/>
    <property name="java.version.date" value="2021-01-19"/>
    <property name="java.home" value="C:\Program Files\Java\jdk-15.0.2"/>
    <property name="file.separator" value="\"/>
    <property name="basedir" value="C:\Users\nazar\IdeaProjects\Lesson7"/>
    <property name="java.vm.compressedOopsMode" value="32-bit"/>
    <property name="line.separator" value="&#10;"/>
    <property name="java.vm.specification.vendor" value="Oracle Corporation"/>
    <property name="java.specification.name" value="Java Platform API Specification"/>
    <property name="surefire.real.class.path" value="C:\Users\nazar\AppData\Local\Temp\surefire9839853310830770488\surefirebooter956748531553065108.jar"/>
    <property name="user.script" value=""/>
    <property name="sun.management.compiler" value="HotSpot 64-Bit Tiered Compilers"/>
    <property name="java.runtime.version" value="15.0.2+7-27"/>
    <property name="user.name" value="nazar"/>
    <property name="path.separator" value=";"/>
    <property name="os.version" value="10.0"/>
    <property name="java.runtime.name" value="Java(TM) SE Runtime Environment"/>
    <property name="file.encoding" value="Cp1251"/>
    <property name="java.vm.name" value="Java HotSpot(TM) 64-Bit Server VM"/>
    <property name="localRepository" value="C:\Users\nazar\.m2\repository"/>
    <property name="java.vendor.url.bug" value="https://bugreport.java.com/bugreport/"/>
    <property name="java.io.tmpdir" value="C:\Users\nazar\AppData\Local\Temp\"/>
    <property name="idea.version" value="2021.1"/>
    <property name="java.version" value="15.0.2"/>
    <property name="user.dir" value="C:\Users\nazar\IdeaProjects\Lesson7"/>
    <property name="os.arch" value="amd64"/>
    <property name="java.vm.specification.name" value="Java Virtual Machine Specification"/>
    <property name="sun.os.patch.level" value=""/>
    <property name="java.library.path" value="C:\Program Files\Java\jdk-15.0.2\bin;C:\WINDOWS\Sun\Java\bin;C:\WINDOWS\system32;C:\WINDOWS;C:\Program Files\Common Files\Oracle\Java\javapath;C:\ProgramData\Oracle\Java\javapath;C:\WINDOWS\system32;C:\WINDOWS;C:\WINDOWS\System32\Wbem;C:\WINDOWS\System32\WindowsPowerShell\v1.0\;C:\WINDOWS\System32\OpenSSH\;C:\Users\nazar\AppData\Local\Programs\Python\Python37\Scripts\;C:\Users\nazar\AppData\Local\Programs\Python\Python37\;C:\Users\nazar\AppData\Local\Programs\Python\Python36-32\Scripts\;C:\Users\nazar\AppData\Local\Programs\Python\Python36-32\;C:\Users\nazar\AppData\Local\Microsoft\WindowsApps;C:\Program Files\JetBrains\PyCharm Community Edition 2020.1.2\bin;C:\adb;C:\Program Files\Git\cmd;C:\WINDOWS\system32;C:\WINDOWS;C:\WINDOWS\System32\Wbem;C:\WINDOWS\System32\WindowsPowerShell\v1.0\;C:\WINDOWS\System32\OpenSSH\;C:\Program Files\dotnet\;C:\Program Files (x86)\dotnet\;C:\Program Files\Java\jdk-9.0.4\bin;C:\Users\nazar\AppData\Local\Programs\Python\Python37\;C:\Users\nazar\AppData\Local\Programs\Python\Python36-32\Scripts\;C:\Users\nazar\AppData\Local\Programs\Python\Python36-32\;C:\Users\nazar\AppData\Local\Microsoft\WindowsApps;C:\Users\nazar\AppData\Local\Microsoft\WindowsApps;C:\Program Files\JetBrains\PyCharm Community Edition 2020.1.2\bin;;C:\Users\nazar\AppData\Local\GitHubDesktop\bin;C:\Users\nazar\.dotnet\tools;C:\Program Files\JetBrains\IntelliJ IDEA Community Edition 2020.3.2\bin;;C:\Program Files\Java\jdk-9.0.4;;."/>
    <property name="java.vm.info" value="mixed mode, sharing"/>
    <property name="java.vendor" value="Oracle Corporation"/>
    <property name="java.vm.version" value="15.0.2+7-27"/>
    <property name="sun.io.unicode.encoding" value="UnicodeLittle"/>
    <property name="java.class.version" value="59.0"/>
  </properties>
  <testcase name="testSendMailFromActiveAccount[labepamone, lab123456epam, labepamreceiver@gmail.com, TestMail, Test Letter Text](1)" classname="SendMailTest" time="65.949">
    <system-out><![CDATA[SendMailTest
15:00:02.446 [TestNG-PoolService-1] DEBUG io.github.bonigarcia.wdm.cache.ResolutionCache - Resolution chrome=90 in cache (valid until 15:45:33 28/04/2021 EEST)
15:00:02.459 [TestNG-PoolService-1] DEBUG io.github.bonigarcia.wdm.cache.ResolutionCache - Resolution chrome90=90.0.4430.24 in cache (valid until 21:12:29 28/04/2021 EEST)
15:00:02.461 [TestNG-PoolService-1] INFO io.github.bonigarcia.wdm.WebDriverManager - Using chromedriver 90.0.4430.24 (resolved driver for Chrome 90)
15:00:02.513 [TestNG-PoolService-1] DEBUG io.github.bonigarcia.wdm.WebDriverManager - Driver chromedriver 90.0.4430.24 found in cache
15:00:02.516 [TestNG-PoolService-1] INFO io.github.bonigarcia.wdm.WebDriverManager - Exporting webdriver.chrome.driver as C:\Users\nazar\.cache\selenium\chromedriver\win32\90.0.4430.24\chromedriver.exe
15:00:02.543 [TestNG-PoolService-0] DEBUG io.github.bonigarcia.wdm.cache.ResolutionCache - Resolution chrome=90 in cache (valid until 15:45:33 28/04/2021 EEST)
15:00:02.545 [TestNG-PoolService-0] DEBUG io.github.bonigarcia.wdm.cache.ResolutionCache - Resolution chrome90=90.0.4430.24 in cache (valid until 21:12:29 28/04/2021 EEST)
15:00:02.546 [TestNG-PoolService-0] INFO io.github.bonigarcia.wdm.WebDriverManager - Using chromedriver 90.0.4430.24 (resolved driver for Chrome 90)
15:00:02.567 [TestNG-PoolService-0] DEBUG io.github.bonigarcia.wdm.WebDriverManager - Driver chromedriver 90.0.4430.24 found in cache
15:00:02.569 [TestNG-PoolService-0] INFO io.github.bonigarcia.wdm.WebDriverManager - Exporting webdriver.chrome.driver as C:\Users\nazar\.cache\selenium\chromedriver\win32\90.0.4430.24\chromedriver.exe
15:00:02.596 [TestNG-PoolService-2] DEBUG io.github.bonigarcia.wdm.cache.ResolutionCache - Resolution chrome=90 in cache (valid until 15:45:33 28/04/2021 EEST)
15:00:02.599 [TestNG-PoolService-2] DEBUG io.github.bonigarcia.wdm.cache.ResolutionCache - Resolution chrome90=90.0.4430.24 in cache (valid until 21:12:29 28/04/2021 EEST)
15:00:02.599 [TestNG-PoolService-2] INFO io.github.bonigarcia.wdm.WebDriverManager - Using chromedriver 90.0.4430.24 (resolved driver for Chrome 90)
15:00:02.625 [TestNG-PoolService-2] DEBUG io.github.bonigarcia.wdm.WebDriverManager - Driver chromedriver 90.0.4430.24 found in cache
15:00:02.627 [TestNG-PoolService-2] INFO io.github.bonigarcia.wdm.WebDriverManager - Exporting webdriver.chrome.driver as C:\Users\nazar\.cache\selenium\chromedriver\win32\90.0.4430.24\chromedriver.exe
testSendMailFromActiveAccount with parameters: 
[labepamone, lab123456epam, labepamreceiver@gmail.com, TestMail, Test Letter Text] STARTED!
testSendMailFromActiveAccount with parameters: 
[labepamthree, lab123456epam, labepamreceiver@gmail.com, TestMail, Test Letter Text] STARTED!
testSendMailFromActiveAccount with parameters: 
[labepamtwo, lab123456epam, labepamreceiver@gmail.com, TestMail, Test Letter Text] STARTED!
INFO SendMailTest: Successful login to account [[[labepamone]]]
INFO SendMailTest: Successful login to account [[[labepamthree]]]
INFO SendMailTest: Successful login to account [[[labepamtwo]]]
INFO SendMailTest: Mail composed by user [[[labepamone]]] and sent
INFO SendMailTest: Sent mail by user [[[labepamone]]] found in Sent section
INFO SendMailTest: Mail composed by user [[[labepamtwo]]] and sent
INFO SendMailTest: Sent mail by user [[[labepamtwo]]] found in Sent section
INFO SendMailTest: Mail composed by user [[[labepamthree]]] and sent
INFO SendMailTest: Sent mail by user [[[labepamthree]]] found in Sent section
INFO SendMailTest: Sent message by user [[[labepamone]]] was deleted
testSendMailFromActiveAccount with parameters: 
[labepamone, lab123456epam, labepamreceiver@gmail.com, TestMail, Test Letter Text] SUCCEED!
]]></system-out>
    <system-err><![CDATA[SSttaarrttiinngg  CChhrroommeDerDivrierve r90 .900..404.34403.024.2 (44 (c46dc865d80f5008f70d8a74da6476d79d2962e86ee8deddbd7b766555500aaeedd665555999911--rreeffss//bbrraanncchh--hheeaaddss//44443300@@{{##442299}}))  oonn  ppoorrtt  243987942
O
nOlnyl yl olcoacla l ccononnneectcitioonsn as rae rae lalolwloewde.d.
P
lPelaesaes e sseee eh htttptsp:s:///c/hchrormoemedrdirviever.r.cchhrroommiuimum..orogrg//sseecucruriittyy--ccoonnssiiddeerraattiioonnss  ffoorr suggestions on keep isngu ggChersotmioeDnrs ivoenr  skaefeepi.ng
 ChromeDriver safe.
Starting ChromeDriver 90.0.4430.24 (4cChr6odm8e5D0rfi0v8er7 dwaa4s 67sdt9ar2t6eed 8esdducbc7e6s5s5f0ualelyd.65
5991-refs/branch-heads/4430@{#429}) on port 22575
Only local connections are allowed.
Please see https://chromedriver.chromium.org/security-considerations for suggestions on keeping ChromeDriver safe.
ChromeDriver was started successfully.
ChromeDriver was started successfully.
квіт. 28, 2021 3:00:06 ПП org.openqa.selenium.remote.ProtocolHandshake createSession
INFO: Detected dialect: W3C
квіт. 28, 2021 3:00:07 ПП org.openqa.selenium.remote.ProtocolHandshake createSession
INFO: Detected dialect: W3C
квіт. 28, 2021 3:00:07 ПП org.openqa.selenium.remote.ProtocolHandshake createSession
INFO: Detected dialect: W3C
]]></system-err>
  </testcase>
  <testcase name="testSendMailFromActiveAccount[labepamtwo, lab123456epam, labepamreceiver@gmail.com, TestMail, Test Letter Text](2)" classname="SendMailTest" time="69.53">
    <system-out><![CDATA[15:01:20.664 [TestNG-PoolService-0] DEBUG io.github.bonigarcia.wdm.cache.ResolutionCache - Resolution chrome=90 in cache (valid until 15:45:33 28/04/2021 EEST)
15:01:20.665 [TestNG-PoolService-0] DEBUG io.github.bonigarcia.wdm.cache.ResolutionCache - Resolution chrome90=90.0.4430.24 in cache (valid until 21:12:29 28/04/2021 EEST)
15:01:20.665 [TestNG-PoolService-0] INFO io.github.bonigarcia.wdm.WebDriverManager - Using chromedriver 90.0.4430.24 (resolved driver for Chrome 90)
15:01:20.673 [TestNG-PoolService-0] DEBUG io.github.bonigarcia.wdm.WebDriverManager - Driver chromedriver 90.0.4430.24 found in cache
15:01:20.674 [TestNG-PoolService-0] INFO io.github.bonigarcia.wdm.WebDriverManager - Exporting webdriver.chrome.driver as C:\Users\nazar\.cache\selenium\chromedriver\win32\90.0.4430.24\chromedriver.exe
INFO SendMailTest: Sent message by user [[[labepamtwo]]] was deleted
testSendMailFromActiveAccount with parameters: 
[labepamtwo, lab123456epam, labepamreceiver@gmail.com, TestMail, Test Letter Text] SUCCEED!
]]></system-out>
    <system-err><![CDATA[Starting ChromeDriver 90.0.4430.24 (4c6d850f087da467d926e8eddb76550aed655991-refs/branch-heads/4430@{#429}) on port 25680
Only local connections are allowed.
Please see https://chromedriver.chromium.org/security-considerations for suggestions on keeping ChromeDriver safe.
ChromeDriver was started successfully.
квіт. 28, 2021 3:01:22 ПП org.openqa.selenium.remote.ProtocolHandshake createSession
INFO: Detected dialect: W3C
]]></system-err>
  </testcase>
  <testcase name="testSendMailFromActiveAccount[labepamthree, lab123456epam, labepamreceiver@gmail.com, TestMail, Test Letter Text](3)" classname="SendMailTest" time="70.839">
    <system-out><![CDATA[INFO SendMailTest: Sent message by user [[[labepamthree]]] was deleted
testSendMailFromActiveAccount with parameters: 
[labepamthree, lab123456epam, labepamreceiver@gmail.com, TestMail, Test Letter Text] SUCCEED!
]]></system-out>
  </testcase>
  <testcase name="testSendMailFromActiveAccount[labepamfour, lab123456epam, labepamreceiver@gmail.com, TestMail, Test Letter Text](4)" classname="SendMailTest" time="47.838">
    <system-out><![CDATA[testSendMailFromActiveAccount with parameters: 
[labepamfour, lab123456epam, labepamreceiver@gmail.com, TestMail, Test Letter Text] STARTED!
INFO SendMailTest: Successful login to account [[[labepamfour]]]
15:01:29.542 [TestNG-PoolService-1] DEBUG io.github.bonigarcia.wdm.cache.ResolutionCache - Resolution chrome=90 in cache (valid until 15:45:33 28/04/2021 EEST)
15:01:29.544 [TestNG-PoolService-1] DEBUG io.github.bonigarcia.wdm.cache.ResolutionCache - Resolution chrome90=90.0.4430.24 in cache (valid until 21:12:29 28/04/2021 EEST)
15:01:29.544 [TestNG-PoolService-1] INFO io.github.bonigarcia.wdm.WebDriverManager - Using chromedriver 90.0.4430.24 (resolved driver for Chrome 90)
15:01:29.558 [TestNG-PoolService-1] DEBUG io.github.bonigarcia.wdm.WebDriverManager - Driver chromedriver 90.0.4430.24 found in cache
15:01:29.560 [TestNG-PoolService-1] INFO io.github.bonigarcia.wdm.WebDriverManager - Exporting webdriver.chrome.driver as C:\Users\nazar\.cache\selenium\chromedriver\win32\90.0.4430.24\chromedriver.exe
testSendMailFromActiveAccount with parameters: 
[labepamfive, lab123456epam, labepamreceiver@gmail.com, TestMail, Test Letter Text] STARTED!
INFO SendMailTest: Successful login to account [[[labepamfive]]]
INFO SendMailTest: Mail composed by user [[[labepamfour]]] and sent
INFO SendMailTest: Sent mail by user [[[labepamfour]]] found in Sent section
INFO SendMailTest: Mail composed by user [[[labepamfive]]] and sent
INFO SendMailTest: Sent message by user [[[labepamfour]]] was deleted
testSendMailFromActiveAccount with parameters: 
[labepamfour, lab123456epam, labepamreceiver@gmail.com, TestMail, Test Letter Text] SUCCEED!
]]></system-out>
    <system-err><![CDATA[Starting ChromeDriver 90.0.4430.24 (4c6d850f087da467d926e8eddb76550aed655991-refs/branch-heads/4430@{#429}) on port 22949
Only local connections are allowed.
Please see https://chromedriver.chromium.org/security-considerations for suggestions on keeping ChromeDriver safe.
ChromeDriver was started successfully.
квіт. 28, 2021 3:01:31 ПП org.openqa.selenium.remote.ProtocolHandshake createSession
INFO: Detected dialect: W3C
]]></system-err>
  </testcase>
  <testcase name="testSendMailFromActiveAccount[labepamfive, lab123456epam, labepamreceiver@gmail.com, TestMail, Test Letter Text](5)" classname="SendMailTest" time="58.765">
    <system-out><![CDATA[INFO SendMailTest: Sent mail by user [[[labepamfive]]] found in Sent section
INFO SendMailTest: Sent message by user [[[labepamfive]]] was deleted
testSendMailFromActiveAccount with parameters: 
[labepamfive, lab123456epam, labepamreceiver@gmail.com, TestMail, Test Letter Text] SUCCEED!
]]></system-out>
  </testcase>
</testsuite>