<?xml version="1.0" encoding="UTF-8"?>
<!-- Generated by org.testng.reporters.JUnitReportReporter -->
<testsuite hostname="DESKTOP-FKGOML4" failures="0" tests="5" name="SendMailTest" time="386.303" errors="0" timestamp="2021-04-28T15:02:36 EEST" skipped="0">
  <testcase classname="SendMailTest" name="testSendMailFromActiveAccount" time="88.139"/>
  <system-out/>
  <testcase classname="SendMailTest" name="testSendMailFromActiveAccount" time="71.720"/>
  <system-out/>
  <testcase classname="SendMailTest" name="testSendMailFromActiveAccount" time="70.936"/>
  <system-out/>
  <testcase classname="SendMailTest" name="testSendMailFromActiveAccount" time="80.468"/>
  <system-out/>
  <testcase classname="SendMailTest" name="testSendMailFromActiveAccount" time="75.040"/>
  <system-out/>
</testsuite> <!-- SendMailTest -->
